  Main.cpp
sfml-system-s-d.lib(Clock.obj) : warning LNK4099: no se encontró PDB 'sfml-system-s.pdb' con 'sfml-system-s-d.lib(Clock.obj)' o en 'C:\Users\Aula 2\source\repos\PongSFML\bin\Debug\sfml-system-s.pdb'; se vinculará el objeto sin tener en cuenta información de depuración
sfml-system-s-d.lib(Err.obj) : warning LNK4099: no se encontró PDB 'sfml-system-s.pdb' con 'sfml-system-s-d.lib(Err.obj)' o en 'C:\Users\Aula 2\source\repos\PongSFML\bin\Debug\sfml-system-s.pdb'; se vinculará el objeto sin tener en cuenta información de depuración
sfml-system-s-d.lib(Lock.obj) : warning LNK4099: no se encontró PDB 'sfml-system-s.pdb' con 'sfml-system-s-d.lib(Lock.obj)' o en 'C:\Users\Aula 2\source\repos\PongSFML\bin\Debug\sfml-system-s.pdb'; se vinculará el objeto sin tener en cuenta información de depuración
sfml-system-s-d.lib(Mutex.obj) : warning LNK4099: no se encontró PDB 'sfml-system-s.pdb' con 'sfml-system-s-d.lib(Mutex.obj)' o en 'C:\Users\Aula 2\source\repos\PongSFML\bin\Debug\sfml-system-s.pdb'; se vinculará el objeto sin tener en cuenta información de depuración
sfml-system-s-d.lib(Sleep.obj) : warning LNK4099: no se encontró PDB 'sfml-system-s.pdb' con 'sfml-system-s-d.lib(Sleep.obj)' o en 'C:\Users\Aula 2\source\repos\PongSFML\bin\Debug\sfml-system-s.pdb'; se vinculará el objeto sin tener en cuenta información de depuración
sfml-system-s-d.lib(String.obj) : warning LNK4099: no se encontró PDB 'sfml-system-s.pdb' con 'sfml-system-s-d.lib(String.obj)' o en 'C:\Users\Aula 2\source\repos\PongSFML\bin\Debug\sfml-system-s.pdb'; se vinculará el objeto sin tener en cuenta información de depuración
sfml-system-s-d.lib(ThreadLocal.obj) : warning LNK4099: no se encontró PDB 'sfml-system-s.pdb' con 'sfml-system-s-d.lib(ThreadLocal.obj)' o en 'C:\Users\Aula 2\source\repos\PongSFML\bin\Debug\sfml-system-s.pdb'; se vinculará el objeto sin tener en cuenta información de depuración
sfml-system-s-d.lib(Time.obj) : warning LNK4099: no se encontró PDB 'sfml-system-s.pdb' con 'sfml-system-s-d.lib(Time.obj)' o en 'C:\Users\Aula 2\source\repos\PongSFML\bin\Debug\sfml-system-s.pdb'; se vinculará el objeto sin tener en cuenta información de depuración
sfml-system-s-d.lib(ClockImpl.obj) : warning LNK4099: no se encontró PDB 'sfml-system-s.pdb' con 'sfml-system-s-d.lib(ClockImpl.obj)' o en 'C:\Users\Aula 2\source\repos\PongSFML\bin\Debug\sfml-system-s.pdb'; se vinculará el objeto sin tener en cuenta información de depuración
sfml-system-s-d.lib(MutexImpl.obj) : warning LNK4099: no se encontró PDB 'sfml-system-s.pdb' con 'sfml-system-s-d.lib(MutexImpl.obj)' o en 'C:\Users\Aula 2\source\repos\PongSFML\bin\Debug\sfml-system-s.pdb'; se vinculará el objeto sin tener en cuenta información de depuración
sfml-system-s-d.lib(SleepImpl.obj) : warning LNK4099: no se encontró PDB 'sfml-system-s.pdb' con 'sfml-system-s-d.lib(SleepImpl.obj)' o en 'C:\Users\Aula 2\source\repos\PongSFML\bin\Debug\sfml-system-s.pdb'; se vinculará el objeto sin tener en cuenta información de depuración
sfml-system-s-d.lib(ThreadLocalImpl.obj) : warning LNK4099: no se encontró PDB 'sfml-system-s.pdb' con 'sfml-system-s-d.lib(ThreadLocalImpl.obj)' o en 'C:\Users\Aula 2\source\repos\PongSFML\bin\Debug\sfml-system-s.pdb'; se vinculará el objeto sin tener en cuenta información de depuración
sfml-graphics-s-d.lib(BlendMode.obj) : warning LNK4099: no se encontró PDB 'sfml-graphics-s.pdb' con 'sfml-graphics-s-d.lib(BlendMode.obj)' o en 'C:\Users\Aula 2\source\repos\PongSFML\bin\Debug\sfml-graphics-s.pdb'; se vinculará el objeto sin tener en cuenta información de depuración
sfml-graphics-s-d.lib(Color.obj) : warning LNK4099: no se encontró PDB 'sfml-graphics-s.pdb' con 'sfml-graphics-s-d.lib(Color.obj)' o en 'C:\Users\Aula 2\source\repos\PongSFML\bin\Debug\sfml-graphics-s.pdb'; se vinculará el objeto sin tener en cuenta información de depuración
sfml-graphics-s-d.lib(Glsl.obj) : warning LNK4099: no se encontró PDB '' con 'sfml-graphics-s-d.lib(Glsl.obj)' o en ''; se vinculará el objeto sin tener en cuenta información de depuración
sfml-graphics-s-d.lib(GLCheck.obj) : warning LNK4099: no se encontró PDB 'sfml-graphics-s.pdb' con 'sfml-graphics-s-d.lib(GLCheck.obj)' o en 'C:\Users\Aula 2\source\repos\PongSFML\bin\Debug\sfml-graphics-s.pdb'; se vinculará el objeto sin tener en cuenta información de depuración
sfml-graphics-s-d.lib(GLExtensions.obj) : warning LNK4099: no se encontró PDB 'sfml-graphics-s.pdb' con 'sfml-graphics-s-d.lib(GLExtensions.obj)' o en 'C:\Users\Aula 2\source\repos\PongSFML\bin\Debug\sfml-graphics-s.pdb'; se vinculará el objeto sin tener en cuenta información de depuración
sfml-graphics-s-d.lib(Image.obj) : warning LNK4099: no se encontró PDB 'sfml-graphics-s.pdb' con 'sfml-graphics-s-d.lib(Image.obj)' o en 'C:\Users\Aula 2\source\repos\PongSFML\bin\Debug\sfml-graphics-s.pdb'; se vinculará el objeto sin tener en cuenta información de depuración
sfml-graphics-s-d.lib(ImageLoader.obj) : warning LNK4099: no se encontró PDB 'sfml-graphics-s.pdb' con 'sfml-graphics-s-d.lib(ImageLoader.obj)' o en 'C:\Users\Aula 2\source\repos\PongSFML\bin\Debug\sfml-graphics-s.pdb'; se vinculará el objeto sin tener en cuenta información de depuración
sfml-graphics-s-d.lib(RenderStates.obj) : warning LNK4099: no se encontró PDB 'sfml-graphics-s.pdb' con 'sfml-graphics-s-d.lib(RenderStates.obj)' o en 'C:\Users\Aula 2\source\repos\PongSFML\bin\Debug\sfml-graphics-s.pdb'; se vinculará el objeto sin tener en cuenta información de depuración
sfml-graphics-s-d.lib(RenderTarget.obj) : warning LNK4099: no se encontró PDB 'sfml-graphics-s.pdb' con 'sfml-graphics-s-d.lib(RenderTarget.obj)' o en 'C:\Users\Aula 2\source\repos\PongSFML\bin\Debug\sfml-graphics-s.pdb'; se vinculará el objeto sin tener en cuenta información de depuración
sfml-graphics-s-d.lib(RenderWindow.obj) : warning LNK4099: no se encontró PDB 'sfml-graphics-s.pdb' con 'sfml-graphics-s-d.lib(RenderWindow.obj)' o en 'C:\Users\Aula 2\source\repos\PongSFML\bin\Debug\sfml-graphics-s.pdb'; se vinculará el objeto sin tener en cuenta información de depuración
sfml-graphics-s-d.lib(Shader.obj) : warning LNK4099: no se encontró PDB 'sfml-graphics-s.pdb' con 'sfml-graphics-s-d.lib(Shader.obj)' o en 'C:\Users\Aula 2\source\repos\PongSFML\bin\Debug\sfml-graphics-s.pdb'; se vinculará el objeto sin tener en cuenta información de depuración
sfml-graphics-s-d.lib(Texture.obj) : warning LNK4099: no se encontró PDB 'sfml-graphics-s.pdb' con 'sfml-graphics-s-d.lib(Texture.obj)' o en 'C:\Users\Aula 2\source\repos\PongSFML\bin\Debug\sfml-graphics-s.pdb'; se vinculará el objeto sin tener en cuenta información de depuración
sfml-graphics-s-d.lib(TextureSaver.obj) : warning LNK4099: no se encontró PDB 'sfml-graphics-s.pdb' con 'sfml-graphics-s-d.lib(TextureSaver.obj)' o en 'C:\Users\Aula 2\source\repos\PongSFML\bin\Debug\sfml-graphics-s.pdb'; se vinculará el objeto sin tener en cuenta información de depuración
sfml-graphics-s-d.lib(Transform.obj) : warning LNK4099: no se encontró PDB 'sfml-graphics-s.pdb' con 'sfml-graphics-s-d.lib(Transform.obj)' o en 'C:\Users\Aula 2\source\repos\PongSFML\bin\Debug\sfml-graphics-s.pdb'; se vinculará el objeto sin tener en cuenta información de depuración
sfml-graphics-s-d.lib(Transformable.obj) : warning LNK4099: no se encontró PDB 'sfml-graphics-s.pdb' con 'sfml-graphics-s-d.lib(Transformable.obj)' o en 'C:\Users\Aula 2\source\repos\PongSFML\bin\Debug\sfml-graphics-s.pdb'; se vinculará el objeto sin tener en cuenta información de depuración
sfml-graphics-s-d.lib(View.obj) : warning LNK4099: no se encontró PDB 'sfml-graphics-s.pdb' con 'sfml-graphics-s-d.lib(View.obj)' o en 'C:\Users\Aula 2\source\repos\PongSFML\bin\Debug\sfml-graphics-s.pdb'; se vinculará el objeto sin tener en cuenta información de depuración
sfml-graphics-s-d.lib(Vertex.obj) : warning LNK4099: no se encontró PDB 'sfml-graphics-s.pdb' con 'sfml-graphics-s-d.lib(Vertex.obj)' o en 'C:\Users\Aula 2\source\repos\PongSFML\bin\Debug\sfml-graphics-s.pdb'; se vinculará el objeto sin tener en cuenta información de depuración
sfml-graphics-s-d.lib(Shape.obj) : warning LNK4099: no se encontró PDB '' con 'sfml-graphics-s-d.lib(Shape.obj)' o en ''; se vinculará el objeto sin tener en cuenta información de depuración
sfml-graphics-s-d.lib(CircleShape.obj) : warning LNK4099: no se encontró PDB 'sfml-graphics-s.pdb' con 'sfml-graphics-s-d.lib(CircleShape.obj)' o en 'C:\Users\Aula 2\source\repos\PongSFML\bin\Debug\sfml-graphics-s.pdb'; se vinculará el objeto sin tener en cuenta información de depuración
sfml-graphics-s-d.lib(Sprite.obj) : warning LNK4099: no se encontró PDB 'sfml-graphics-s.pdb' con 'sfml-graphics-s-d.lib(Sprite.obj)' o en 'C:\Users\Aula 2\source\repos\PongSFML\bin\Debug\sfml-graphics-s.pdb'; se vinculará el objeto sin tener en cuenta información de depuración
sfml-graphics-s-d.lib(VertexArray.obj) : warning LNK4099: no se encontró PDB 'sfml-graphics-s.pdb' con 'sfml-graphics-s-d.lib(VertexArray.obj)' o en 'C:\Users\Aula 2\source\repos\PongSFML\bin\Debug\sfml-graphics-s.pdb'; se vinculará el objeto sin tener en cuenta información de depuración
sfml-graphics-s-d.lib(VertexBuffer.obj) : warning LNK4099: no se encontró PDB 'sfml-graphics-s.pdb' con 'sfml-graphics-s-d.lib(VertexBuffer.obj)' o en 'C:\Users\Aula 2\source\repos\PongSFML\bin\Debug\sfml-graphics-s.pdb'; se vinculará el objeto sin tener en cuenta información de depuración
sfml-graphics-s-d.lib(RenderTextureImpl.obj) : warning LNK4099: no se encontró PDB 'sfml-graphics-s.pdb' con 'sfml-graphics-s-d.lib(RenderTextureImpl.obj)' o en 'C:\Users\Aula 2\source\repos\PongSFML\bin\Debug\sfml-graphics-s.pdb'; se vinculará el objeto sin tener en cuenta información de depuración
sfml-graphics-s-d.lib(RenderTextureImplFBO.obj) : warning LNK4099: no se encontró PDB '' con 'sfml-graphics-s-d.lib(RenderTextureImplFBO.obj)' o en ''; se vinculará el objeto sin tener en cuenta información de depuración
sfml-window-s-d.lib(Context.obj) : warning LNK4099: no se encontró PDB 'sfml-window-s.pdb' con 'sfml-window-s-d.lib(Context.obj)' o en 'C:\Users\Aula 2\source\repos\PongSFML\bin\Debug\sfml-window-s.pdb'; se vinculará el objeto sin tener en cuenta información de depuración
sfml-window-s-d.lib(Cursor.obj) : warning LNK4099: no se encontró PDB 'sfml-window-s.pdb' con 'sfml-window-s-d.lib(Cursor.obj)' o en 'C:\Users\Aula 2\source\repos\PongSFML\bin\Debug\sfml-window-s.pdb'; se vinculará el objeto sin tener en cuenta información de depuración
sfml-window-s-d.lib(GlContext.obj) : warning LNK4099: no se encontró PDB 'sfml-window-s.pdb' con 'sfml-window-s-d.lib(GlContext.obj)' o en 'C:\Users\Aula 2\source\repos\PongSFML\bin\Debug\sfml-window-s.pdb'; se vinculará el objeto sin tener en cuenta información de depuración
sfml-window-s-d.lib(GlResource.obj) : warning LNK4099: no se encontró PDB 'sfml-window-s.pdb' con 'sfml-window-s-d.lib(GlResource.obj)' o en 'C:\Users\Aula 2\source\repos\PongSFML\bin\Debug\sfml-window-s.pdb'; se vinculará el objeto sin tener en cuenta información de depuración
sfml-window-s-d.lib(Joystick.obj) : warning LNK4099: no se encontró PDB 'sfml-window-s.pdb' con 'sfml-window-s-d.lib(Joystick.obj)' o en 'C:\Users\Aula 2\source\repos\PongSFML\bin\Debug\sfml-window-s.pdb'; se vinculará el objeto sin tener en cuenta información de depuración
sfml-window-s-d.lib(JoystickManager.obj) : warning LNK4099: no se encontró PDB 'sfml-window-s.pdb' con 'sfml-window-s-d.lib(JoystickManager.obj)' o en 'C:\Users\Aula 2\source\repos\PongSFML\bin\Debug\sfml-window-s.pdb'; se vinculará el objeto sin tener en cuenta información de depuración
sfml-window-s-d.lib(Keyboard.obj) : warning LNK4099: no se encontró PDB 'sfml-window-s.pdb' con 'sfml-window-s-d.lib(Keyboard.obj)' o en 'C:\Users\Aula 2\source\repos\PongSFML\bin\Debug\sfml-window-s.pdb'; se vinculará el objeto sin tener en cuenta información de depuración
sfml-window-s-d.lib(SensorManager.obj) : warning LNK4099: no se encontró PDB 'sfml-window-s.pdb' con 'sfml-window-s-d.lib(SensorManager.obj)' o en 'C:\Users\Aula 2\source\repos\PongSFML\bin\Debug\sfml-window-s.pdb'; se vinculará el objeto sin tener en cuenta información de depuración
sfml-window-s-d.lib(VideoMode.obj) : warning LNK4099: no se encontró PDB 'sfml-window-s.pdb' con 'sfml-window-s-d.lib(VideoMode.obj)' o en 'C:\Users\Aula 2\source\repos\PongSFML\bin\Debug\sfml-window-s.pdb'; se vinculará el objeto sin tener en cuenta información de depuración
sfml-window-s-d.lib(Window.obj) : warning LNK4099: no se encontró PDB 'sfml-window-s.pdb' con 'sfml-window-s-d.lib(Window.obj)' o en 'C:\Users\Aula 2\source\repos\PongSFML\bin\Debug\sfml-window-s.pdb'; se vinculará el objeto sin tener en cuenta información de depuración
sfml-window-s-d.lib(WindowBase.obj) : warning LNK4099: no se encontró PDB 'sfml-window-s.pdb' con 'sfml-window-s-d.lib(WindowBase.obj)' o en 'C:\Users\Aula 2\source\repos\PongSFML\bin\Debug\sfml-window-s.pdb'; se vinculará el objeto sin tener en cuenta información de depuración
sfml-window-s-d.lib(WindowImpl.obj) : warning LNK4099: no se encontró PDB 'sfml-window-s.pdb' con 'sfml-window-s-d.lib(WindowImpl.obj)' o en 'C:\Users\Aula 2\source\repos\PongSFML\bin\Debug\sfml-window-s.pdb'; se vinculará el objeto sin tener en cuenta información de depuración
sfml-window-s-d.lib(CursorImpl.obj) : warning LNK4099: no se encontró PDB '' con 'sfml-window-s-d.lib(CursorImpl.obj)' o en ''; se vinculará el objeto sin tener en cuenta información de depuración
sfml-window-s-d.lib(InputImpl.obj) : warning LNK4099: no se encontró PDB 'sfml-window-s.pdb' con 'sfml-window-s-d.lib(InputImpl.obj)' o en 'C:\Users\Aula 2\source\repos\PongSFML\bin\Debug\sfml-window-s.pdb'; se vinculará el objeto sin tener en cuenta información de depuración
sfml-window-s-d.lib(JoystickImpl.obj) : warning LNK4099: no se encontró PDB 'sfml-window-s.pdb' con 'sfml-window-s-d.lib(JoystickImpl.obj)' o en 'C:\Users\Aula 2\source\repos\PongSFML\bin\Debug\sfml-window-s.pdb'; se vinculará el objeto sin tener en cuenta información de depuración
sfml-window-s-d.lib(SensorImpl.obj) : warning LNK4099: no se encontró PDB 'sfml-window-s.pdb' con 'sfml-window-s-d.lib(SensorImpl.obj)' o en 'C:\Users\Aula 2\source\repos\PongSFML\bin\Debug\sfml-window-s.pdb'; se vinculará el objeto sin tener en cuenta información de depuración
sfml-window-s-d.lib(VideoModeImpl.obj) : warning LNK4099: no se encontró PDB 'sfml-window-s.pdb' con 'sfml-window-s-d.lib(VideoModeImpl.obj)' o en 'C:\Users\Aula 2\source\repos\PongSFML\bin\Debug\sfml-window-s.pdb'; se vinculará el objeto sin tener en cuenta información de depuración
sfml-window-s-d.lib(VulkanImplWin32.obj) : warning LNK4099: no se encontró PDB 'sfml-window-s.pdb' con 'sfml-window-s-d.lib(VulkanImplWin32.obj)' o en 'C:\Users\Aula 2\source\repos\PongSFML\bin\Debug\sfml-window-s.pdb'; se vinculará el objeto sin tener en cuenta información de depuración
sfml-window-s-d.lib(WindowImplWin32.obj) : warning LNK4099: no se encontró PDB 'sfml-window-s.pdb' con 'sfml-window-s-d.lib(WindowImplWin32.obj)' o en 'C:\Users\Aula 2\source\repos\PongSFML\bin\Debug\sfml-window-s.pdb'; se vinculará el objeto sin tener en cuenta información de depuración
sfml-window-s-d.lib(WglContext.obj) : warning LNK4099: no se encontró PDB 'sfml-window-s.pdb' con 'sfml-window-s-d.lib(WglContext.obj)' o en 'C:\Users\Aula 2\source\repos\PongSFML\bin\Debug\sfml-window-s.pdb'; se vinculará el objeto sin tener en cuenta información de depuración
  PongSFML.vcxproj -> C:\Users\Aula 2\source\repos\PongSFML\bin\Debug\PongSFML.exe
